<?xml version="1.0" encoding="UTF-8"?>
<!-- Generated by org.testng.reporters.JUnitReportReporter -->
<testsuite hostname="DESKTOP-2R7SLE3" failures="0" tests="1" name="JavaProgramm.ReverseString" time="0.019" errors="0" timestamp="2024-09-10T20:28:06 IST" skipped="0">
  <testcase classname="JavaProgramm.ReverseString" name="reverseString" time="0.019"/>
</testsuite> <!-- JavaProgramm.ReverseString -->
