<?xml version="1.0" encoding="UTF-8"?>
<!-- Generated by org.testng.reporters.JUnitReportReporter -->
<testsuite hostname="DESKTOP-2R7SLE3" failures="0" tests="1" name="JavaProgramm.CountUpperCaseAndLowerCase" time="0.020" errors="0" timestamp="2024-09-09T22:42:53 IST" skipped="0">
  <testcase classname="JavaProgramm.CountUpperCaseAndLowerCase" name="CaseSensetiveCount" time="0.020"/>
</testsuite> <!-- JavaProgramm.CountUpperCaseAndLowerCase -->
