<?xml version="1.0" encoding="UTF-8"?>
<!-- Generated by org.testng.reporters.JUnitReportReporter -->
<testsuite hostname="DESKTOP-2R7SLE3" failures="0" tests="1" name="JavaProgramm.Swap_String" time="6.501" errors="0" timestamp="2024-09-09T14:02:36 IST" skipped="0">
  <testcase classname="JavaProgramm.Swap_String" name="swapGivenSTring" time="6.501"/>
</testsuite> <!-- JavaProgramm.Swap_String -->
